<?xml version="1.0" encoding="UTF-8"?>
<coverage generated="1571034496336" clover="3.2.0">
  <project timestamp="1571034496336" name="All files">
    <metrics statements="42" coveredstatements="38" conditionals="12" coveredconditionals="7" methods="16" coveredmethods="14" elements="70" coveredelements="59" complexity="0" loc="42" ncloc="42" packages="1" files="3" classes="3"/>
    <file name="calendar.jsx" path="/Users/mac_home/Projects/Air6n6/Reservation/client/src/calendar.jsx">
      <metrics statements="35" coveredstatements="31" conditionals="8" coveredconditionals="5" methods="11" coveredmethods="9"/>
      <line num="7" count="4" type="stmt"/>
      <line num="9" count="4" type="stmt"/>
      <line num="17" count="4" type="stmt"/>
      <line num="18" count="4" type="stmt"/>
      <line num="22" count="4" type="stmt"/>
      <line num="26" count="0" type="stmt"/>
      <line num="30" count="0" type="stmt"/>
      <line num="31" count="0" type="cond" truecount="0" falsecount="2"/>
      <line num="32" count="0" type="stmt"/>
      <line num="38" count="2" type="cond" truecount="2" falsecount="0"/>
      <line num="42" count="2" type="stmt"/>
      <line num="46" count="9" type="stmt"/>
      <line num="47" count="9" type="stmt"/>
      <line num="48" count="9" type="stmt"/>
      <line num="49" count="9" type="stmt"/>
      <line num="50" count="9" type="stmt"/>
      <line num="51" count="9" type="stmt"/>
      <line num="53" count="9" type="stmt"/>
      <line num="54" count="16" type="stmt"/>
      <line num="56" count="9" type="stmt"/>
      <line num="57" count="278" type="stmt"/>
      <line num="68" count="9" type="stmt"/>
      <line num="69" count="45" type="stmt"/>
      <line num="70" count="45" type="stmt"/>
      <line num="71" count="315" type="cond" truecount="2" falsecount="0"/>
      <line num="73" count="45" type="stmt"/>
      <line num="74" count="45" type="stmt"/>
      <line num="75" count="45" type="stmt"/>
      <line num="76" count="45" type="stmt"/>
      <line num="78" count="9" type="stmt"/>
      <line num="82" count="9" type="stmt"/>
      <line num="83" count="13" type="stmt"/>
      <line num="86" count="2" type="stmt"/>
      <line num="94" count="2" type="stmt"/>
      <line num="103" count="63" type="stmt"/>
    </file>
    <file name="dates.jsx" path="/Users/mac_home/Projects/Air6n6/Reservation/client/src/dates.jsx">
      <metrics statements="4" coveredstatements="4" conditionals="4" coveredconditionals="2" methods="3" coveredmethods="3"/>
      <line num="4" count="1" type="stmt"/>
      <line num="5" count="1" type="stmt"/>
      <line num="9" count="1" type="stmt"/>
      <line num="17" count="1" type="stmt"/>
    </file>
    <file name="day.jsx" path="/Users/mac_home/Projects/Air6n6/Reservation/client/src/day.jsx">
      <metrics statements="3" coveredstatements="3" conditionals="0" coveredconditionals="0" methods="2" coveredmethods="2"/>
      <line num="3" count="1" type="stmt"/>
      <line num="4" count="261" type="stmt"/>
      <line num="6" count="1" type="stmt"/>
    </file>
  </project>
</coverage>
