{"/Users/mac_home/Projects/Air6n6/Reservation/client/src/calendar.jsx": {"path":"/Users/mac_home/Projects/Air6n6/Reservation/client/src/calendar.jsx","statementMap":{"0":{"start":{"line":7,"column":4},"end":{"line":7,"column":17}},"1":{"start":{"line":9,"column":4},"end":{"line":15,"column":6}},"2":{"start":{"line":17,"column":4},"end":{"line":17,"column":51}},"3":{"start":{"line":18,"column":4},"end":{"line":18,"column":61}},"4":{"start":{"line":22,"column":4},"end":{"line":22,"column":68}},"5":{"start":{"line":26,"column":4},"end":{"line":26,"column":71}},"6":{"start":{"line":30,"column":15},"end":{"line":30,"column":24}},"7":{"start":{"line":31,"column":4},"end":{"line":33,"column":5}},"8":{"start":{"line":32,"column":6},"end":{"line":32,"column":32}},"9":{"start":{"line":38,"column":6},"end":{"line":40,"column":42}},"10":{"start":{"line":42,"column":4},"end":{"line":42,"column":29}},"11":{"start":{"line":46,"column":21},"end":{"line":46,"column":55}},"12":{"start":{"line":47,"column":21},"end":{"line":47,"column":53}},"13":{"start":{"line":48,"column":17},"end":{"line":48,"column":19}},"14":{"start":{"line":49,"column":17},"end":{"line":49,"column":19}},"15":{"start":{"line":50,"column":16},"end":{"line":50,"column":17}},"16":{"start":{"line":51,"column":14},"end":{"line":51,"column":15}},"17":{"start":{"line":53,"column":4},"end":{"line":55,"column":5}},"18":{"start":{"line":53,"column":17},"end":{"line":53,"column":18}},"19":{"start":{"line":54,"column":6},"end":{"line":54,"column":46}},"20":{"start":{"line":56,"column":4},"end":{"line":66,"column":5}},"21":{"start":{"line":56,"column":17},"end":{"line":56,"column":18}},"22":{"start":{"line":57,"column":6},"end":{"line":65,"column":8}},"23":{"start":{"line":68,"column":4},"end":{"line":77,"column":5}},"24":{"start":{"line":68,"column":17},"end":{"line":68,"column":18}},"25":{"start":{"line":69,"column":16},"end":{"line":69,"column":18}},"26":{"start":{"line":70,"column":6},"end":{"line":72,"column":7}},"27":{"start":{"line":70,"column":19},"end":{"line":70,"column":24}},"28":{"start":{"line":71,"column":8},"end":{"line":71,"column":43}},"29":{"start":{"line":73,"column":6},"end":{"line":73,"column":18}},"30":{"start":{"line":74,"column":6},"end":{"line":74,"column":20}},"31":{"start":{"line":75,"column":6},"end":{"line":75,"column":41}},"32":{"start":{"line":76,"column":6},"end":{"line":76,"column":21}},"33":{"start":{"line":78,"column":4},"end":{"line":78,"column":16}},"34":{"start":{"line":82,"column":4},"end":{"line":110,"column":6}},"35":{"start":{"line":83,"column":25},"end":{"line":83,"column":41}},"36":{"start":{"line":86,"column":12},"end":{"line":86,"column":42}},"37":{"start":{"line":94,"column":12},"end":{"line":94,"column":43}},"38":{"start":{"line":103,"column":16},"end":{"line":103,"column":47}}},"fnMap":{"0":{"name":"(anonymous_0)","decl":{"start":{"line":6,"column":2},"end":{"line":6,"column":3}},"loc":{"start":{"line":6,"column":21},"end":{"line":19,"column":3}},"line":6},"1":{"name":"(anonymous_1)","decl":{"start":{"line":21,"column":2},"end":{"line":21,"column":3}},"loc":{"start":{"line":21,"column":22},"end":{"line":23,"column":3}},"line":21},"2":{"name":"(anonymous_2)","decl":{"start":{"line":25,"column":2},"end":{"line":25,"column":3}},"loc":{"start":{"line":25,"column":25},"end":{"line":27,"column":3}},"line":25},"3":{"name":"(anonymous_3)","decl":{"start":{"line":29,"column":2},"end":{"line":29,"column":3}},"loc":{"start":{"line":29,"column":17},"end":{"line":34,"column":3}},"line":29},"4":{"name":"(anonymous_4)","decl":{"start":{"line":36,"column":2},"end":{"line":36,"column":3}},"loc":{"start":{"line":36,"column":26},"end":{"line":43,"column":3}},"line":36},"5":{"name":"(anonymous_5)","decl":{"start":{"line":45,"column":2},"end":{"line":45,"column":3}},"loc":{"start":{"line":45,"column":20},"end":{"line":79,"column":3}},"line":45},"6":{"name":"(anonymous_6)","decl":{"start":{"line":81,"column":2},"end":{"line":81,"column":3}},"loc":{"start":{"line":81,"column":11},"end":{"line":111,"column":3}},"line":81},"7":{"name":"(anonymous_7)","decl":{"start":{"line":83,"column":16},"end":{"line":83,"column":17}},"loc":{"start":{"line":83,"column":25},"end":{"line":83,"column":41}},"line":83},"8":{"name":"(anonymous_8)","decl":{"start":{"line":85,"column":19},"end":{"line":85,"column":20}},"loc":{"start":{"line":85,"column":25},"end":{"line":87,"column":11}},"line":85},"9":{"name":"(anonymous_9)","decl":{"start":{"line":93,"column":19},"end":{"line":93,"column":20}},"loc":{"start":{"line":93,"column":25},"end":{"line":95,"column":11}},"line":93},"10":{"name":"(anonymous_10)","decl":{"start":{"line":102,"column":39},"end":{"line":102,"column":40}},"loc":{"start":{"line":103,"column":16},"end":{"line":103,"column":47}},"line":103}},"branchMap":{"0":{"loc":{"start":{"line":11,"column":8},"end":{"line":13,"column":20}},"type":"cond-expr","locations":[{"start":{"line":12,"column":12},"end":{"line":12,"column":38}},{"start":{"line":13,"column":12},"end":{"line":13,"column":20}}],"line":11},"1":{"loc":{"start":{"line":31,"column":4},"end":{"line":33,"column":5}},"type":"if","locations":[{"start":{"line":31,"column":4},"end":{"line":33,"column":5}},{"start":{"line":31,"column":4},"end":{"line":33,"column":5}}],"line":31},"2":{"loc":{"start":{"line":38,"column":6},"end":{"line":40,"column":42}},"type":"cond-expr","locations":[{"start":{"line":39,"column":10},"end":{"line":39,"column":47}},{"start":{"line":40,"column":10},"end":{"line":40,"column":42}}],"line":38},"3":{"loc":{"start":{"line":71,"column":8},"end":{"line":71,"column":42}},"type":"cond-expr","locations":[{"start":{"line":71,"column":18},"end":{"line":71,"column":35}},{"start":{"line":71,"column":38},"end":{"line":71,"column":42}}],"line":71}},"s":{"0":4,"1":4,"2":4,"3":4,"4":4,"5":0,"6":0,"7":0,"8":0,"9":2,"10":2,"11":9,"12":9,"13":9,"14":9,"15":9,"16":9,"17":9,"18":9,"19":16,"20":9,"21":9,"22":278,"23":9,"24":9,"25":45,"26":45,"27":45,"28":315,"29":45,"30":45,"31":45,"32":45,"33":9,"34":9,"35":13,"36":2,"37":2,"38":63},"f":{"0":4,"1":4,"2":0,"3":0,"4":2,"5":9,"6":9,"7":13,"8":2,"9":2,"10":63},"b":{"0":[4,0],"1":[0,0],"2":[1,1],"3":[294,21]},"_coverageSchema":"43e27e138ebf9cfc5966b082cf9a028302ed4184","hash":"db3ba261cebcb4ed25d73c562cea9648957a809d"}
,"/Users/mac_home/Projects/Air6n6/Reservation/client/src/dates.jsx": {"path":"/Users/mac_home/Projects/Air6n6/Reservation/client/src/dates.jsx","statementMap":{"0":{"start":{"line":4,"column":14},"end":{"line":40,"column":1}},"1":{"start":{"line":5,"column":2},"end":{"line":39,"column":8}},"2":{"start":{"line":9,"column":8},"end":{"line":9,"column":36}},"3":{"start":{"line":17,"column":8},"end":{"line":17,"column":37}}},"fnMap":{"0":{"name":"(anonymous_0)","decl":{"start":{"line":4,"column":14},"end":{"line":4,"column":15}},"loc":{"start":{"line":5,"column":2},"end":{"line":39,"column":8}},"line":5},"1":{"name":"(anonymous_1)","decl":{"start":{"line":8,"column":15},"end":{"line":8,"column":16}},"loc":{"start":{"line":8,"column":21},"end":{"line":10,"column":7}},"line":8},"2":{"name":"(anonymous_2)","decl":{"start":{"line":16,"column":15},"end":{"line":16,"column":16}},"loc":{"start":{"line":16,"column":21},"end":{"line":18,"column":7}},"line":16}},"branchMap":{"0":{"loc":{"start":{"line":23,"column":5},"end":{"line":30,"column":12}},"type":"cond-expr","locations":[{"start":{"line":24,"column":6},"end":{"line":29,"column":8}},{"start":{"line":30,"column":8},"end":{"line":30,"column":12}}],"line":23},"1":{"loc":{"start":{"line":31,"column":5},"end":{"line":38,"column":12}},"type":"cond-expr","locations":[{"start":{"line":32,"column":6},"end":{"line":37,"column":8}},{"start":{"line":38,"column":8},"end":{"line":38,"column":12}}],"line":31}},"s":{"0":1,"1":1,"2":1,"3":1},"f":{"0":1,"1":1,"2":1},"b":{"0":[0,1],"1":[0,1]},"_coverageSchema":"43e27e138ebf9cfc5966b082cf9a028302ed4184","hash":"54a71dbc8ea27854b687175d47056b93a2c48522"}
,"/Users/mac_home/Projects/Air6n6/Reservation/client/src/day.jsx": {"path":"/Users/mac_home/Projects/Air6n6/Reservation/client/src/day.jsx","statementMap":{"0":{"start":{"line":3,"column":12},"end":{"line":11,"column":1}},"1":{"start":{"line":4,"column":2},"end":{"line":10,"column":7}},"2":{"start":{"line":6,"column":6},"end":{"line":6,"column":63}}},"fnMap":{"0":{"name":"(anonymous_0)","decl":{"start":{"line":3,"column":12},"end":{"line":3,"column":13}},"loc":{"start":{"line":4,"column":2},"end":{"line":10,"column":7}},"line":4},"1":{"name":"(anonymous_1)","decl":{"start":{"line":5,"column":13},"end":{"line":5,"column":14}},"loc":{"start":{"line":5,"column":19},"end":{"line":7,"column":5}},"line":5}},"branchMap":{},"s":{"0":1,"1":261,"2":1},"f":{"0":261,"1":1},"b":{},"_coverageSchema":"43e27e138ebf9cfc5966b082cf9a028302ed4184","hash":"a5746812b283f95d9547a169b93d3979e31ad926"}
}
