TN:
SF:/Users/mac_home/Projects/Air6n6/Reservation/client/src/calendar.jsx
FN:6,(anonymous_0)
FN:21,(anonymous_1)
FN:25,(anonymous_2)
FN:29,(anonymous_3)
FN:36,(anonymous_4)
FN:45,(anonymous_5)
FN:81,(anonymous_6)
FN:83,(anonymous_7)
FN:85,(anonymous_8)
FN:93,(anonymous_9)
FN:102,(anonymous_10)
FNF:11
FNH:9
FNDA:4,(anonymous_0)
FNDA:4,(anonymous_1)
FNDA:0,(anonymous_2)
FNDA:0,(anonymous_3)
FNDA:2,(anonymous_4)
FNDA:9,(anonymous_5)
FNDA:9,(anonymous_6)
FNDA:13,(anonymous_7)
FNDA:2,(anonymous_8)
FNDA:2,(anonymous_9)
FNDA:63,(anonymous_10)
DA:7,4
DA:9,4
DA:17,4
DA:18,4
DA:22,4
DA:26,0
DA:30,0
DA:31,0
DA:32,0
DA:38,2
DA:42,2
DA:46,9
DA:47,9
DA:48,9
DA:49,9
DA:50,9
DA:51,9
DA:53,9
DA:54,16
DA:56,9
DA:57,278
DA:68,9
DA:69,45
DA:70,45
DA:71,315
DA:73,45
DA:74,45
DA:75,45
DA:76,45
DA:78,9
DA:82,9
DA:83,13
DA:86,2
DA:94,2
DA:103,63
LF:35
LH:31
BRDA:11,0,0,4
BRDA:11,0,1,0
BRDA:31,1,0,0
BRDA:31,1,1,0
BRDA:38,2,0,1
BRDA:38,2,1,1
BRDA:71,3,0,294
BRDA:71,3,1,21
BRF:8
BRH:5
end_of_record
TN:
SF:/Users/mac_home/Projects/Air6n6/Reservation/client/src/dates.jsx
FN:4,(anonymous_0)
FN:8,(anonymous_1)
FN:16,(anonymous_2)
FNF:3
FNH:3
FNDA:1,(anonymous_0)
FNDA:1,(anonymous_1)
FNDA:1,(anonymous_2)
DA:4,1
DA:5,1
DA:9,1
DA:17,1
LF:4
LH:4
BRDA:23,0,0,0
BRDA:23,0,1,1
BRDA:31,1,0,0
BRDA:31,1,1,1
BRF:4
BRH:2
end_of_record
TN:
SF:/Users/mac_home/Projects/Air6n6/Reservation/client/src/day.jsx
FN:3,(anonymous_0)
FN:5,(anonymous_1)
FNF:2
FNH:2
FNDA:261,(anonymous_0)
FNDA:1,(anonymous_1)
DA:3,1
DA:4,261
DA:6,1
LF:3
LH:3
BRF:0
BRH:0
end_of_record
